<?xml version="1.0" encoding="UTF-8"?>
<testng-results ignored="0" total="8" passed="7" failed="1" skipped="0">
  <reporter-output>
  </reporter-output>
  <suite started-at="2026-04-19T22:32:37 IST" name="Default suite" finished-at="2026-04-19T22:33:27 IST" duration-ms="49872">
    <groups>
      <group name="cucumber">
        <method signature="AbstractTestNGCucumberTests.runScenario(io.cucumber.testng.PickleWrapper,io.cucumber.testng.FeatureWrapper)[pri:0, instance:com.runner.Runner@f6efaab]" name="runScenario" class="io.cucumber.testng.AbstractTestNGCucumberTests"/>
      </group> <!-- cucumber -->
    </groups>
    <test started-at="2026-04-19T22:32:37 IST" name="Default test" finished-at="2026-04-19T22:33:27 IST" duration-ms="49872">
      <class name="com.runner.Runner">
        <test-method is-config="true" signature="setUpClass(org.testng.ITestContext)[pri:0, instance:com.runner.Runner@f6efaab]" started-at="2026-04-19T22:32:37 IST" name="setUpClass" finished-at="2026-04-19T22:32:38 IST" duration-ms="741" status="PASS">
          <params>
            <param index="0">
              <value>
                <![CDATA[org.testng.TestRunner@42505474]]>
              </value>
            </param>
          </params>
          <reporter-output>
          </reporter-output>
        </test-method> <!-- setUpClass -->
        <test-method signature="runScenario(io.cucumber.testng.PickleWrapper,io.cucumber.testng.FeatureWrapper)[pri:0, instance:com.runner.Runner@f6efaab]" started-at="2026-04-19T22:32:38 IST" name="runScenario" description="Runs Cucumber Scenarios" data-provider="scenarios" finished-at="2026-04-19T22:32:43 IST" duration-ms="5209" status="PASS">
          <params>
            <param index="0">
              <value>
                <![CDATA["Verify that cloting Menu loads successfully when clicked on clothing button"]]>
              </value>
            </param>
            <param index="1">
              <value>
                <![CDATA["This is the feature file for Clothing Menu page of Kapruka.com"]]>
              </value>
            </param>
          </params>
          <reporter-output>
          </reporter-output>
        </test-method> <!-- runScenario -->
        <test-method signature="runScenario(io.cucumber.testng.PickleWrapper,io.cucumber.testng.FeatureWrapper)[pri:0, instance:com.runner.Runner@f6efaab]" started-at="2026-04-19T22:32:43 IST" name="runScenario" description="Runs Cucumber Scenarios" data-provider="scenarios" finished-at="2026-04-19T22:32:48 IST" duration-ms="5514" status="PASS">
          <params>
            <param index="0">
              <value>
                <![CDATA["Verify that Men cloting menu loads successfully when clicked on Men clothing button"]]>
              </value>
            </param>
            <param index="1">
              <value>
                <![CDATA["This is the feature file for Clothing Menu page of Kapruka.com"]]>
              </value>
            </param>
          </params>
          <reporter-output>
          </reporter-output>
        </test-method> <!-- runScenario -->
        <test-method signature="runScenario(io.cucumber.testng.PickleWrapper,io.cucumber.testng.FeatureWrapper)[pri:0, instance:com.runner.Runner@f6efaab]" started-at="2026-04-19T22:32:48 IST" name="runScenario" description="Runs Cucumber Scenarios" data-provider="scenarios" finished-at="2026-04-19T22:32:53 IST" duration-ms="4264" status="PASS">
          <params>
            <param index="0">
              <value>
                <![CDATA["Verify that more products are loaded when click on See More Products button"]]>
              </value>
            </param>
            <param index="1">
              <value>
                <![CDATA["This is the feature file for Clothing Menu page of Kapruka.com"]]>
              </value>
            </param>
          </params>
          <reporter-output>
          </reporter-output>
        </test-method> <!-- runScenario -->
        <test-method signature="runScenario(io.cucumber.testng.PickleWrapper,io.cucumber.testng.FeatureWrapper)[pri:0, instance:com.runner.Runner@f6efaab]" started-at="2026-04-19T22:32:53 IST" name="runScenario" description="Runs Cucumber Scenarios" data-provider="scenarios" finished-at="2026-04-19T22:32:58 IST" duration-ms="5080" status="PASS">
          <params>
            <param index="0">
              <value>
                <![CDATA["Verify that product details are accurate when click on a product"]]>
              </value>
            </param>
            <param index="1">
              <value>
                <![CDATA["This is the feature file for Clothing Menu page of Kapruka.com"]]>
              </value>
            </param>
          </params>
          <reporter-output>
          </reporter-output>
        </test-method> <!-- runScenario -->
        <test-method signature="runScenario(io.cucumber.testng.PickleWrapper,io.cucumber.testng.FeatureWrapper)[pri:0, instance:com.runner.Runner@f6efaab]" started-at="2026-04-19T22:32:58 IST" name="runScenario" description="Runs Cucumber Scenarios" data-provider="scenarios" finished-at="2026-04-19T22:33:04 IST" duration-ms="6589" status="PASS">
          <params>
            <param index="0">
              <value>
                <![CDATA["Verify that user can add a product to the cart successfully"]]>
              </value>
            </param>
            <param index="1">
              <value>
                <![CDATA["This is the feature file for Clothing Menu page of Kapruka.com"]]>
              </value>
            </param>
          </params>
          <reporter-output>
          </reporter-output>
        </test-method> <!-- runScenario -->
        <test-method signature="runScenario(io.cucumber.testng.PickleWrapper,io.cucumber.testng.FeatureWrapper)[pri:0, instance:com.runner.Runner@f6efaab]" started-at="2026-04-19T22:33:04 IST" name="runScenario" description="Runs Cucumber Scenarios" data-provider="scenarios" finished-at="2026-04-19T22:33:13 IST" duration-ms="8632" status="PASS">
          <params>
            <param index="0">
              <value>
                <![CDATA["Verify that user can delete a product from the cart successfully"]]>
              </value>
            </param>
            <param index="1">
              <value>
                <![CDATA["This is the feature file for Clothing Menu page of Kapruka.com"]]>
              </value>
            </param>
          </params>
          <reporter-output>
          </reporter-output>
        </test-method> <!-- runScenario -->
        <test-method signature="runScenario(io.cucumber.testng.PickleWrapper,io.cucumber.testng.FeatureWrapper)[pri:0, instance:com.runner.Runner@f6efaab]" started-at="2026-04-19T22:33:13 IST" name="runScenario" description="Runs Cucumber Scenarios" data-provider="scenarios" finished-at="2026-04-19T22:33:22 IST" duration-ms="8634" status="PASS">
          <params>
            <param index="0">
              <value>
                <![CDATA["Verify that user can navigate to clothing menu page successfully after clicking on Keep Shopping button"]]>
              </value>
            </param>
            <param index="1">
              <value>
                <![CDATA["This is the feature file for Clothing Menu page of Kapruka.com"]]>
              </value>
            </param>
          </params>
          <reporter-output>
          </reporter-output>
        </test-method> <!-- runScenario -->
        <test-method signature="runScenario(io.cucumber.testng.PickleWrapper,io.cucumber.testng.FeatureWrapper)[pri:0, instance:com.runner.Runner@f6efaab]" started-at="2026-04-19T22:33:22 IST" name="runScenario" description="Runs Cucumber Scenarios" data-provider="scenarios" finished-at="2026-04-19T22:33:27 IST" duration-ms="5061" status="FAIL">
          <params>
            <param index="0">
              <value>
                <![CDATA["Login with valid credentials"]]>
              </value>
            </param>
            <param index="1">
              <value>
                <![CDATA["This is the feature file for login page of Kapruka.com"]]>
              </value>
            </param>
          </params>
          <exception class="java.lang.AssertionError">
            <message>
              <![CDATA[expected [Your Account] but found [Just a moment...]]]>
            </message>
            <full-stacktrace>
              <![CDATA[java.lang.AssertionError: expected [Your Account] but found [Just a moment...]
at org.testng.Assert.fail(Assert.java:111)
at org.testng.Assert.failNotEquals(Assert.java:1578)
at org.testng.Assert.assertEqualsImpl(Assert.java:150)
at org.testng.Assert.assertEquals(Assert.java:132)
at org.testng.Assert.assertEquals(Assert.java:656)
at org.testng.Assert.assertEquals(Assert.java:666)
at com.kapruka.stepdefinitions.LoginSteps.verifyUserLoggedIn(LoginSteps.java:45)
at ✽.User should be logged in successfully(classpath:LoginFeatures/Login.feature:13)
]]>
            </full-stacktrace>
          </exception> <!-- java.lang.AssertionError -->
          <reporter-output>
          </reporter-output>
        </test-method> <!-- runScenario -->
        <test-method is-config="true" signature="tearDownClass()[pri:0, instance:com.runner.Runner@f6efaab]" started-at="2026-04-19T22:33:27 IST" name="tearDownClass" finished-at="2026-04-19T22:33:27 IST" duration-ms="28" status="PASS">
          <reporter-output>
          </reporter-output>
        </test-method> <!-- tearDownClass -->
      </class> <!-- com.runner.Runner -->
    </test> <!-- Default test -->
  </suite> <!-- Default suite -->
</testng-results>
