<?xml version="1.0" encoding="UTF-8"?>
<!-- Generated by org.testng.reporters.JUnitReportReporter -->
<testsuite hostname="Anchul-PC" failures="1" tests="8" name="com.runner.Runner" time="48.983" errors="0" timestamp="2026-04-19T22:33:27 IST" skipped="0">
  <testcase classname="com.runner.Runner" name="runScenario" time="5.209"/>
  <testcase classname="com.runner.Runner" name="runScenario" time="6.589"/>
  <testcase classname="com.runner.Runner" name="runScenario" time="5.514"/>
  <testcase classname="com.runner.Runner" name="runScenario" time="8.634"/>
  <testcase classname="com.runner.Runner" name="runScenario" time="5.080"/>
  <testcase classname="com.runner.Runner" name="runScenario" time="4.264"/>
  <testcase classname="com.runner.Runner" name="runScenario" time="8.632"/>
  <testcase classname="com.runner.Runner" name="runScenario" time="5.061">
    <failure message="expected [Your Account] but found [Just a moment...]" type="java.lang.AssertionError">
      <![CDATA[java.lang.AssertionError: expected [Your Account] but found [Just a moment...]
at org.testng.Assert.fail(Assert.java:111)
at org.testng.Assert.failNotEquals(Assert.java:1578)
at org.testng.Assert.assertEqualsImpl(Assert.java:150)
at org.testng.Assert.assertEquals(Assert.java:132)
at org.testng.Assert.assertEquals(Assert.java:656)
at org.testng.Assert.assertEquals(Assert.java:666)
at com.kapruka.stepdefinitions.LoginSteps.verifyUserLoggedIn(LoginSteps.java:45)
at ✽.User should be logged in successfully(classpath:LoginFeatures/Login.feature:13)
]]>
    </failure>
  </testcase> <!-- runScenario -->
</testsuite> <!-- com.runner.Runner -->
